***********************************************************************
*
*	CODE GENERATION LISTING FOR: DNS
*	COMPILER VERSION: 6.0.0.52
*
***********************************************************************

**************************************************
	CODE GENERATOR SUBROUTINES
**************************************************

$$MOD:
A1904A50  FB90 F3F1		sdiv r3, r0, r1
A1904A54  4359     		mul r1, r1, r3
A1904A56  EBC1 0000		rsb r0, r1, r0
A1904A5A  4770     		bx lr

$$MOD_U:
A1904A5C  FBB0 F3F1		udiv r3, r0, r1
A1904A60  4359     		mul r1, r1, r3
A1904A62  EBC1 0000		rsb r0, r1, r0
A1904A66  4770     		bx lr

**************************************************
	List program: Pr_Boot
**************************************************

PROGRAM Pr_Boot

END_PROGRAM

A1904A70  B082     		sub sp, sp, #8
A1904A72  F8CD E000		str lr, [sp]
A1904A76  E92D 0FF0		stmdb sp!, { r4, r5, r6, r7, r8, r9, r10, r11 }

#0		{SRC:Pr_Boot}
#1		(*$WAITSWITCH$*)
#2		
#3			(* iCfgPidvisRez1:= ep_iCfgPodves1; *)
#4			MOVE		ep_iCfgPodves1,iCfgPidvisRez1	{LNXT:1|2|-1}
(*) UDINT
A1904A7A  F8DF 70D0		ldr r7, [pc, #+208] ; 0xA00017E8
A1904A7E  F9B7 0000		ldrsh r0, [r7]
A1904A82  F8DF 7100		ldr r7, [pc, #+256] ; 0xA1A00016
A1904A86  8038     		strh r0, [r7]

#5		
#6			(* iCfgPidvisRez2:= ep_iCfgPodves2; *)
#7			MOVE		ep_iCfgPodves2,iCfgPidvisRez2	{LNXT:2|3|-1}
(*) INT
A1904A88  F8DF 70C4		ldr r7, [pc, #+196] ; 0xA00017EA
A1904A8C  F9B7 0000		ldrsh r0, [r7]
A1904A90  F8DF 70F8		ldr r7, [pc, #+248] ; 0xA1A0001C
A1904A94  8038     		strh r0, [r7]

#8		
#9			(* iCfgPidvisRez3:= ep_iCfgPodves3; *)
#10			MOVE		ep_iCfgPodves3,iCfgPidvisRez3	{LNXT:3|4|-1}
(*) INT
A1904A96  F8DF 70CC		ldr r7, [pc, #+204] ; 0xA00017FC
A1904A9A  F9B7 0000		ldrsh r0, [r7]
A1904A9E  F8DF 70F4		ldr r7, [pc, #+244] ; 0xA1A00022
A1904AA2  8038     		strh r0, [r7]

#11		
#12			(* iCfgPidvisRez4:= ep_iCfgPodves4; *)
#13			MOVE		ep_iCfgPodves4,iCfgPidvisRez4	{LNXT:4|5|-1}
(*) INT
A1904AA4  F8DF 70C0		ldr r7, [pc, #+192] ; 0xA00017FE
A1904AA8  F9B7 0000		ldrsh r0, [r7]
A1904AAC  F8DF 70EC		ldr r7, [pc, #+236] ; 0xA1A00028
A1904AB0  8038     		strh r0, [r7]

#14		
#15			(* iCfgPidvisRez5:= ep_iCfgPodves5; *)
#16			MOVE		ep_iCfgPodves5,iCfgPidvisRez5	{LNXT:5|6|-1}
(*) INT
A1904AB2  F8DF 70B8		ldr r7, [pc, #+184] ; 0xA0001800
A1904AB6  F9B7 0000		ldrsh r0, [r7]
A1904ABA  F8DF 70E8		ldr r7, [pc, #+232] ; 0xA1A0002E
A1904ABE  8038     		strh r0, [r7]

#17		
#18			(* iCfgPidvisRez6:= ep_iCfgPodves6; *)
#19			MOVE		ep_iCfgPodves6,iCfgPidvisRez6	{LNXT:6|9|-1}
(*) INT
A1904AC0  F8DF 70AC		ldr r7, [pc, #+172] ; 0xA0001802
A1904AC4  F9B7 0000		ldrsh r0, [r7]
A1904AC8  F8DF 70E0		ldr r7, [pc, #+224] ; 0xA1A00034
A1904ACC  8038     		strh r0, [r7]

#20		
#21			(* i_Area_Tank1 := ep_iAreaTank1; *)
#22			MOVE		ep_iAreaTank1,i_Area_Tank1	{LNXT:9|10|-1}
(*) INT
A1904ACE  F8DF 7084		ldr r7, [pc, #+132] ; 0xA00017F4
A1904AD2  F9B7 0000		ldrsh r0, [r7]
A1904AD6  F8DF 70B0		ldr r7, [pc, #+176] ; 0xA1A00018
A1904ADA  8038     		strh r0, [r7]

#23		
#24			(* i_Area_Tank2 := ep_iAreaTank2; *)
#25			MOVE		ep_iAreaTank2,i_Area_Tank2	{LNXT:10|11|-1}
(*) INT
A1904ADC  F8DF 7078		ldr r7, [pc, #+120] ; 0xA00017F6
A1904AE0  F9B7 0000		ldrsh r0, [r7]
A1904AE4  F8DF 70A8		ldr r7, [pc, #+168] ; 0xA1A0001E
A1904AE8  8038     		strh r0, [r7]

#26		
#27			(* i_Area_Tank3 := ep_iAreaTank3; *)
#28			MOVE		ep_iAreaTank3,i_Area_Tank3	{LNXT:11|12|-1}
(*) INT
A1904AEA  F8DF 7088		ldr r7, [pc, #+136] ; 0xA0001804
A1904AEE  F9B7 0000		ldrsh r0, [r7]
A1904AF2  F8DF 70A4		ldr r7, [pc, #+164] ; 0xA1A00024
A1904AF6  8038     		strh r0, [r7]

#29		
#30			(* i_Area_Tank4 := ep_iAreaTank4; *)
#31			MOVE		ep_iAreaTank4,i_Area_Tank4	{LNXT:12|13|-1}
(*) INT
A1904AF8  F8DF 707C		ldr r7, [pc, #+124] ; 0xA0001806
A1904AFC  F9B7 0000		ldrsh r0, [r7]
A1904B00  F8DF 709C		ldr r7, [pc, #+156] ; 0xA1A0002A
A1904B04  8038     		strh r0, [r7]

#32		
#33			(* i_Area_Tank5 := ep_iAreaTank5; *)
#34			MOVE		ep_iAreaTank5,i_Area_Tank5	{LNXT:13|14|-1}
(*) INT
A1904B06  F8DF 7074		ldr r7, [pc, #+116] ; 0xA0001808
A1904B0A  F9B7 0000		ldrsh r0, [r7]
A1904B0E  F8DF 7098		ldr r7, [pc, #+152] ; 0xA1A00030
A1904B12  8038     		strh r0, [r7]

#35		
#36			(* i_Area_Tank6 := ep_iAreaTank6; *)
#37			MOVE		ep_iAreaTank6,i_Area_Tank6	{LNXT:14|19|-1}
(*) INT
A1904B14  F8DF 7068		ldr r7, [pc, #+104] ; 0xA000180A
A1904B18  F9B7 0000		ldrsh r0, [r7]
A1904B1C  F8DF 7090		ldr r7, [pc, #+144] ; 0xA1A00036
A1904B20  8038     		strh r0, [r7]

#38		
#39			(* iDay_begin:=ep_iDay_begin; *)
#40			MOVE		ep_iDay_begin,iDay_begin	{LNXT:19|20|-1}
(*) INT
A1904B22  F8DF 7038		ldr r7, [pc, #+56] ; 0xA00017F8
A1904B26  F9B7 0000		ldrsh r0, [r7]
A1904B2A  F8DF 708C		ldr r7, [pc, #+140] ; 0xA1A00048
A1904B2E  8038     		strh r0, [r7]

#41		
#42			(* iDay_end:= ep_iDay_end; *)
#43			MOVE		ep_iDay_end,iDay_end	{LNXT:20|1|-1}
(*) INT
A1904B30  F8DF 702C		ldr r7, [pc, #+44] ; 0xA00017FA
A1904B34  F9B7 0000		ldrsh r0, [r7]
A1904B38  F8DF 7078		ldr r7, [pc, #+120] ; 0xA1A00046
A1904B3C  8038     		strh r0, [r7]

A1904B3E  E8BD 0FF0		ldmia sp!, { r4, r5, r6, r7, r8, r9, r10, r11 }
A1904B42  F8DD E000		ldr lr, [sp]
A1904B46  B002     		add sp, sp, #8

A1904B48  4770     		bx lr

A1904B4C  FFFFFFFF		; 0xA00017E8
A1904B50  FFFFFFFF		; 0xA00017EA
A1904B54  FFFFFFFF		; 0xA00017F4
A1904B58  FFFFFFFF		; 0xA00017F6
A1904B5C  FFFFFFFF		; 0xA00017F8
A1904B60  FFFFFFFF		; 0xA00017FA
A1904B64  FFFFFFFF		; 0xA00017FC
A1904B68  FFFFFFFF		; 0xA00017FE
A1904B6C  FFFFFFFF		; 0xA0001800
A1904B70  FFFFFFFF		; 0xA0001802
A1904B74  FFFFFFFF		; 0xA0001804
A1904B78  FFFFFFFF		; 0xA0001806
A1904B7C  FFFFFFFF		; 0xA0001808
A1904B80  FFFFFFFF		; 0xA000180A
A1904B84  A1A00016		; 0xA1A00016
A1904B88  A1A00018		; 0xA1A00018
A1904B8C  A1A0001C		; 0xA1A0001C
A1904B90  A1A0001E		; 0xA1A0001E
A1904B94  A1A00022		; 0xA1A00022
A1904B98  A1A00024		; 0xA1A00024
A1904B9C  A1A00028		; 0xA1A00028
A1904BA0  A1A0002A		; 0xA1A0002A
A1904BA4  A1A0002E		; 0xA1A0002E
A1904BA8  A1A00030		; 0xA1A00030
A1904BAC  A1A00034		; 0xA1A00034
A1904BB0  A1A00036		; 0xA1A00036
A1904BB4  A1A00046		; 0xA1A00046
A1904BB8  A1A00048		; 0xA1A00048

END_PROGRAM


**************************************************
	Target variable image generation
**************************************************


*** INPUT:
A1904BBC  4770     		bx lr


*** OUTPUT:
A1904BBE  4770     		bx lr



**************************************************
	Task Boot init code
**************************************************

A1904BC0  B082     		sub sp, sp, #8
A1904BC2  F8CD E000		str lr, [sp]
A1904BC6  E92D 0FF0		stmdb sp!, { r4, r5, r6, r7, r8, r9, r10, r11 }

A1904BCA  E8BD 0FF0		ldmia sp!, { r4, r5, r6, r7, r8, r9, r10, r11 }
A1904BCE  F8DD E000		ldr lr, [sp]
A1904BD2  B002     		add sp, sp, #8

A1904BD4  4770     		bx lr

**************************************************
	List program: ParCheck
**************************************************

PROGRAM ParCheck

END_PROGRAM

A1904BE0  B082     		sub sp, sp, #8
A1904BE2  F8CD E000		str lr, [sp]
A1904BE6  E92D 0FF0		stmdb sp!, { r4, r5, r6, r7, r8, r9, r10, r11 }

#0		{SRC:ParCheck}
#1		(*$WAITSWITCH$*)
#2		
#3		
#4			(* IF Par_POLI AND 16#fc00) <> 2048 *)
#5			LD		Par_POLI	{LNXT:2|-1|-1}
(*) UNDEF
A1904BEA  F8DF 7034		ldr r7, [pc, #+52] ; 0x10000182
A1904BEE  8838     		ldrh r0, [r7]

#6			AND		16#fc00	{LNXT:2|-1|-1}
(*) UINT
A1904BF0  F44F 477C		mov r7, #64512 ; 64512
A1904BF4  4038     		and r0, r0, r7

#7			NE		2048	{LNXT:2|-1|-1}
(*) UINT
A1904BF6  F44F 6700		mov r7, #2048 ; 2048
A1904BFA  42B8     		cmp r0, r7
A1904BFC  BF08 2000		eqmov r0, #0
A1904C00  BF18 2001		nemov r0, #1

#8			JMPCN	$label0	{LNXT:2|3|2}
(-) BOOL
A1904C04  2800     		cmp r0, #0
A1904C06  D005     		beq #10 ; 0xA1904C14


#9		
#10			(* THEN *)
#11		
#12				(* WHILE TRUE *)
#13		$label1:
#14				LD		TRUE	{LNXT:3|-1|-1}
(-) UNDEF
A1904C0A  2001     		mov r0, #1 ; 1

#15				JMPCN		$label2	{LNXT:3|2|2}
(-) BOOL
A1904C0C  2800     		cmp r0, #0
A1904C0E  D001     		beq #2 ; 0xA1904C14


#16		
#17				(* DO *)
#18					JMP		$label1	{LNXT:3|2|2}
(-) BOOL
A1904C12  E7FA     		b #-12 ; 0xA1904C0A

A1904C14  E8BD 0FF0		ldmia sp!, { r4, r5, r6, r7, r8, r9, r10, r11 }
A1904C18  F8DD E000		ldr lr, [sp]
A1904C1C  B002     		add sp, sp, #8

A1904C1E  4770     		bx lr

A1904C20  FFFFFFFF		; 0x10000182

END_PROGRAM


**************************************************
	Target variable image generation
**************************************************


*** INPUT:
A1904C24  4770     		bx lr


*** OUTPUT:
A1904C26  4770     		bx lr



**************************************************
	Task Init init code
**************************************************

A1904C28  B082     		sub sp, sp, #8
A1904C2A  F8CD E000		str lr, [sp]
A1904C2E  E92D 0FF0		stmdb sp!, { r4, r5, r6, r7, r8, r9, r10, r11 }

A1904C32  E8BD 0FF0		ldmia sp!, { r4, r5, r6, r7, r8, r9, r10, r11 }
A1904C36  F8DD E000		ldr lr, [sp]
A1904C3A  B002     		add sp, sp, #8

A1904C3C  4770     		bx lr

**************************************************
	List program: InitParDB
**************************************************

PROGRAM InitParDB

        VAR
warningsKiller : USINT;
dummyCrc32 : UDINT;
	END_VAR

END_PROGRAM

A1904C50  B082     		sub sp, sp, #8
A1904C52  F8CD E000		str lr, [sp]
A1904C56  E92D 0FF0		stmdb sp!, { r4, r5, r6, r7, r8, r9, r10, r11 }

#0		{SRC:InitParDB}
#1		(*$WAITSWITCH$*)
#2		
#3			(* dummyCrc32 := 3115158171; *)
#4			MOVE		3115158171,dummyCrc32	{LNXT:3|5|-1}
(*) UDINT
A1904C5A  F8DF 7040		ldr r7, [pc, #+64] ; 0xB9AD8A9B
A1904C5E  4638     		mov r0, r7
A1904C60  F8DF 7034		ldr r7, [pc, #+52] ; 0xA1A00010
A1904C64  6038     		str r0, [r7]

#5		
#6			(* warningsKiller := sysDBase_SetExtTable( ADR( $$ParDB ), $$ParDBLength ); *)
#7			ADR		$$ParDB	{LNXT:5|3|-1}
(*) UDINT
A1904C66  F8DF 0028		ldr r0, [pc, #+40] ; 0xA19000E0

#8			sysDBase_SetExtTable		$$ParDBLength	{LNXT:5|3|-1}
(*) @USINT
A1904C6A  4607     		mov r7, r0
A1904C6C  4638     		mov r0, r7
A1904C6E  2742     		mov r7, #66 ; 66
A1904C70  4639     		mov r1, r7
A1904C72  F8DF 402C		ldr r4, [pc, #+44] ; 0x136F9
A1904C76  F044 0401		orr r4, r4, #1
A1904C7A  47A0     		blx r4

#9			ST		warningsKiller	{LNXT:5|3|-1}
(*) USINT
A1904C7C  F8DF 7014		ldr r7, [pc, #+20] ; 0xA1A0000F
A1904C80  7038     		strb r0, [r7]

A1904C82  E8BD 0FF0		ldmia sp!, { r4, r5, r6, r7, r8, r9, r10, r11 }
A1904C86  F8DD E000		ldr lr, [sp]
A1904C8A  B002     		add sp, sp, #8

A1904C8C  4770     		bx lr

A1904C90  A19000E0		; 0xA19000E0
A1904C94  A1A0000F		; 0xA1A0000F
A1904C98  A1A00010		; 0xA1A00010
A1904C9C  B9AD8A9B		; 0xB9AD8A9B
A1904CA0  FFFFFFFF		; 0x000136F9

END_PROGRAM


**************************************************
	Target variable image generation
**************************************************


*** INPUT:
A1904CA4  4770     		bx lr


*** OUTPUT:
A1904CA6  4770     		bx lr



**************************************************
	Task Serv init code
**************************************************

A1904CA8  B082     		sub sp, sp, #8
A1904CAA  F8CD E000		str lr, [sp]
A1904CAE  E92D 0FF0		stmdb sp!, { r4, r5, r6, r7, r8, r9, r10, r11 }

A1904CB2  E8BD 0FF0		ldmia sp!, { r4, r5, r6, r7, r8, r9, r10, r11 }
A1904CB6  F8DD E000		ldr lr, [sp]
A1904CBA  B002     		add sp, sp, #8

A1904CBC  4770     		bx lr

**************************************************
	List program: Pres_Freq_Flow
**************************************************

PROGRAM Pres_Freq_Flow

        VAR
ton_start_up : TON;
	END_VAR

END_PROGRAM

A1904CD0  B082     		sub sp, sp, #8
A1904CD2  F8CD E000		str lr, [sp]
A1904CD6  E92D 0FF0		stmdb sp!, { r4, r5, r6, r7, r8, r9, r10, r11 }

#0		{SRC:Pres_Freq_Flow}
#1		(*$WAITSWITCH$*)
#2		
#3			(* Tank1_lvl := to_int(to_real(i_abc_Tank1_lvl+iCfgPidvisRez1) * i_Area_Tank1/100); *)
#4			LD		i_abc_Tank1_lvl	{LNXT:2|3|-1}
(*) UNDEF
A1904CDA  F8DF 7470		ldr r7, [pc, #+1136] ; 0xA1A00014
A1904CDE  F9B7 0000		ldrsh r0, [r7]

#5			ADD		iCfgPidvisRez1	{LNXT:2|3|-1}
(*) INT
A1904CE2  F8DF 746C		ldr r7, [pc, #+1132] ; 0xA1A00016
A1904CE6  F9B7 7000		ldrsh r7, [r7]
A1904CEA  19C0     		add r0, r0, r7

#6			to_real	{LNXT:2|3|-1}
(*) INT
A1904CEC  F8DF 44B0		ldr r4, [pc, #+1200] ; 0x10FBF
A1904CF0  F044 0401		orr r4, r4, #1
A1904CF4  47A0     		blx r4

#7			MUL		i_Area_Tank1	{LNXT:2|3|-1}
(*) REAL
A1904CF6  F8DF 745C		ldr r7, [pc, #+1116] ; 0xA1A00018
A1904CFA  F9B7 7000		ldrsh r7, [r7]
A1904CFE  B082     		sub sp, sp, #8
A1904D00  F8CD 0000		str r0, [sp]
A1904D04  4638     		mov r0, r7
A1904D06  F8DF 4498		ldr r4, [pc, #+1176] ; 0x10FBF
A1904D0A  F044 0401		orr r4, r4, #1
A1904D0E  47A0     		blx r4
A1904D10  4607     		mov r7, r0
A1904D12  F8DD 0000		ldr r0, [sp]
A1904D16  B002     		add sp, sp, #8
A1904D18  B082     		sub sp, sp, #8
A1904D1A  F8CD 1000		str r1, [sp]
A1904D1E  4639     		mov r1, r7
A1904D20  F8DF 4484		ldr r4, [pc, #+1156] ; 0x1100F
A1904D24  F044 0401		orr r4, r4, #1
A1904D28  47A0     		blx r4
A1904D2A  F8DD 1000		ldr r1, [sp]
A1904D2E  B002     		add sp, sp, #8

#8			DIV		100	{LNXT:2|3|-1}
(*) REAL
A1904D30  2764     		mov r7, #100 ; 100
A1904D32  B082     		sub sp, sp, #8
A1904D34  F8CD 0000		str r0, [sp]
A1904D38  4638     		mov r0, r7
A1904D3A  F8DF 4460		ldr r4, [pc, #+1120] ; 0x10FAF
A1904D3E  F044 0401		orr r4, r4, #1
A1904D42  47A0     		blx r4
A1904D44  4607     		mov r7, r0
A1904D46  F8DD 0000		ldr r0, [sp]
A1904D4A  B002     		add sp, sp, #8
A1904D4C  B082     		sub sp, sp, #8
A1904D4E  F8CD 1000		str r1, [sp]
A1904D52  4639     		mov r1, r7
A1904D54  F8DF 4454		ldr r4, [pc, #+1108] ; 0x1101F
A1904D58  F044 0401		orr r4, r4, #1
A1904D5C  47A0     		blx r4
A1904D5E  F8DD 1000		ldr r1, [sp]
A1904D62  B002     		add sp, sp, #8

#9			to_int	{LNXT:2|3|-1}
(*) REAL
A1904D64  F8DF 443C		ldr r4, [pc, #+1084] ; 0x10FDF
A1904D68  F044 0401		orr r4, r4, #1
A1904D6C  47A0     		blx r4

#10			ST		Tank1_lvl	{LNXT:2|3|-1}
(*) INT
A1904D6E  F8DF 73B0		ldr r7, [pc, #+944] ; 0xA0003EF8
A1904D72  8038     		strh r0, [r7]

#11		
#12			(* Tank2_lvl := to_int(to_real(i_abc_Tank2_lvl + iCfgPidvisRez2) * i_Area_Tank2/100); *)
#13			LD		i_abc_Tank2_lvl	{LNXT:3|4|-1}
(*) UNDEF
A1904D74  F8DF 73E0		ldr r7, [pc, #+992] ; 0xA1A0001A
A1904D78  F9B7 0000		ldrsh r0, [r7]

#14			ADD		iCfgPidvisRez2	{LNXT:3|4|-1}
(*) INT
A1904D7C  F8DF 73DC		ldr r7, [pc, #+988] ; 0xA1A0001C
A1904D80  F9B7 7000		ldrsh r7, [r7]
A1904D84  19C0     		add r0, r0, r7

#15			to_real	{LNXT:3|4|-1}
(*) INT
A1904D86  F8DF 4418		ldr r4, [pc, #+1048] ; 0x10FBF
A1904D8A  F044 0401		orr r4, r4, #1
A1904D8E  47A0     		blx r4

#16			MUL		i_Area_Tank2	{LNXT:3|4|-1}
(*) REAL
A1904D90  F8DF 73CC		ldr r7, [pc, #+972] ; 0xA1A0001E
A1904D94  F9B7 7000		ldrsh r7, [r7]
A1904D98  B082     		sub sp, sp, #8
A1904D9A  F8CD 0000		str r0, [sp]
A1904D9E  4638     		mov r0, r7
A1904DA0  F8DF 43FC		ldr r4, [pc, #+1020] ; 0x10FBF
A1904DA4  F044 0401		orr r4, r4, #1
A1904DA8  47A0     		blx r4
A1904DAA  4607     		mov r7, r0
A1904DAC  F8DD 0000		ldr r0, [sp]
A1904DB0  B002     		add sp, sp, #8
A1904DB2  B082     		sub sp, sp, #8
A1904DB4  F8CD 1000		str r1, [sp]
A1904DB8  4639     		mov r1, r7
A1904DBA  F8DF 43EC		ldr r4, [pc, #+1004] ; 0x1100F
A1904DBE  F044 0401		orr r4, r4, #1
A1904DC2  47A0     		blx r4
A1904DC4  F8DD 1000		ldr r1, [sp]
A1904DC8  B002     		add sp, sp, #8

#17			DIV		100	{LNXT:3|4|-1}
(*) REAL
A1904DCA  2764     		mov r7, #100 ; 100
A1904DCC  B082     		sub sp, sp, #8
A1904DCE  F8CD 0000		str r0, [sp]
A1904DD2  4638     		mov r0, r7
A1904DD4  F8DF 43C4		ldr r4, [pc, #+964] ; 0x10FAF
A1904DD8  F044 0401		orr r4, r4, #1
A1904DDC  47A0     		blx r4
A1904DDE  4607     		mov r7, r0
A1904DE0  F8DD 0000		ldr r0, [sp]
A1904DE4  B002     		add sp, sp, #8
A1904DE6  B082     		sub sp, sp, #8
A1904DE8  F8CD 1000		str r1, [sp]
A1904DEC  4639     		mov r1, r7
A1904DEE  F8DF 43BC		ldr r4, [pc, #+956] ; 0x1101F
A1904DF2  F044 0401		orr r4, r4, #1
A1904DF6  47A0     		blx r4
A1904DF8  F8DD 1000		ldr r1, [sp]
A1904DFC  B002     		add sp, sp, #8

#18			to_int	{LNXT:3|4|-1}
(*) REAL
A1904DFE  F8DF 43A4		ldr r4, [pc, #+932] ; 0x10FDF
A1904E02  F044 0401		orr r4, r4, #1
A1904E06  47A0     		blx r4

#19			ST		Tank2_lvl	{LNXT:3|4|-1}
(*) INT
A1904E08  F8DF 7318		ldr r7, [pc, #+792] ; 0xA0003EFA
A1904E0C  8038     		strh r0, [r7]

#20		
#21			(* Tank3_lvl := to_int(to_real(i_abc_Tank3_lvl + iCfgPidvisRez3) * i_Area_Tank3/100); *)
#22			LD		i_abc_Tank3_lvl	{LNXT:4|5|-1}
(*) UNDEF
A1904E0E  F8DF 7354		ldr r7, [pc, #+852] ; 0xA1A00020
A1904E12  F9B7 0000		ldrsh r0, [r7]

#23			ADD		iCfgPidvisRez3	{LNXT:4|5|-1}
(*) INT
A1904E16  F8DF 7350		ldr r7, [pc, #+848] ; 0xA1A00022
A1904E1A  F9B7 7000		ldrsh r7, [r7]
A1904E1E  19C0     		add r0, r0, r7

#24			to_real	{LNXT:4|5|-1}
(*) INT
A1904E20  F8DF 437C		ldr r4, [pc, #+892] ; 0x10FBF
A1904E24  F044 0401		orr r4, r4, #1
A1904E28  47A0     		blx r4

#25			MUL		i_Area_Tank3	{LNXT:4|5|-1}
(*) REAL
A1904E2A  F8DF 7340		ldr r7, [pc, #+832] ; 0xA1A00024
A1904E2E  F9B7 7000		ldrsh r7, [r7]
A1904E32  B082     		sub sp, sp, #8
A1904E34  F8CD 0000		str r0, [sp]
A1904E38  4638     		mov r0, r7
A1904E3A  F8DF 4364		ldr r4, [pc, #+868] ; 0x10FBF
A1904E3E  F044 0401		orr r4, r4, #1
A1904E42  47A0     		blx r4
A1904E44  4607     		mov r7, r0
A1904E46  F8DD 0000		ldr r0, [sp]
A1904E4A  B002     		add sp, sp, #8
A1904E4C  B082     		sub sp, sp, #8
A1904E4E  F8CD 1000		str r1, [sp]
A1904E52  4639     		mov r1, r7
A1904E54  F8DF 4350		ldr r4, [pc, #+848] ; 0x1100F
A1904E58  F044 0401		orr r4, r4, #1
A1904E5C  47A0     		blx r4
A1904E5E  F8DD 1000		ldr r1, [sp]
A1904E62  B002     		add sp, sp, #8

#26			DIV		100	{LNXT:4|5|-1}
(*) REAL
A1904E64  2764     		mov r7, #100 ; 100
A1904E66  B082     		sub sp, sp, #8
A1904E68  F8CD 0000		str r0, [sp]
A1904E6C  4638     		mov r0, r7
A1904E6E  F8DF 432C		ldr r4, [pc, #+812] ; 0x10FAF
A1904E72  F044 0401		orr r4, r4, #1
A1904E76  47A0     		blx r4
A1904E78  4607     		mov r7, r0
A1904E7A  F8DD 0000		ldr r0, [sp]
A1904E7E  B002     		add sp, sp, #8
A1904E80  B082     		sub sp, sp, #8
A1904E82  F8CD 1000		str r1, [sp]
A1904E86  4639     		mov r1, r7
A1904E88  F8DF 4320		ldr r4, [pc, #+800] ; 0x1101F
A1904E8C  F044 0401		orr r4, r4, #1
A1904E90  47A0     		blx r4
A1904E92  F8DD 1000		ldr r1, [sp]
A1904E96  B002     		add sp, sp, #8

#27			to_int	{LNXT:4|5|-1}
(*) REAL
A1904E98  F8DF 4308		ldr r4, [pc, #+776] ; 0x10FDF
A1904E9C  F044 0401		orr r4, r4, #1
A1904EA0  47A0     		blx r4

#28			ST		Tank3_lvl	{LNXT:4|5|-1}
(*) INT
A1904EA2  F8DF 7294		ldr r7, [pc, #+660] ; 0xA0003F1A
A1904EA6  8038     		strh r0, [r7]

#29		
#30			(* Tank4_lvl := to_int(to_real(i_abc_Tank4_lvl + iCfgPidvisRez4) * i_Area_Tank4/100); *)
#31			LD		i_abc_Tank4_lvl	{LNXT:5|6|-1}
(*) UNDEF
A1904EA8  F8DF 72C4		ldr r7, [pc, #+708] ; 0xA1A00026
A1904EAC  F9B7 0000		ldrsh r0, [r7]

#32			ADD		iCfgPidvisRez4	{LNXT:5|6|-1}
(*) INT
A1904EB0  F8DF 72C0		ldr r7, [pc, #+704] ; 0xA1A00028
A1904EB4  F9B7 7000		ldrsh r7, [r7]
A1904EB8  19C0     		add r0, r0, r7

#33			to_real	{LNXT:5|6|-1}
(*) INT
A1904EBA  F8DF 42E4		ldr r4, [pc, #+740] ; 0x10FBF
A1904EBE  F044 0401		orr r4, r4, #1
A1904EC2  47A0     		blx r4

#34			MUL		i_Area_Tank4	{LNXT:5|6|-1}
(*) REAL
A1904EC4  F8DF 72B0		ldr r7, [pc, #+688] ; 0xA1A0002A
A1904EC8  F9B7 7000		ldrsh r7, [r7]
A1904ECC  B082     		sub sp, sp, #8
A1904ECE  F8CD 0000		str r0, [sp]
A1904ED2  4638     		mov r0, r7
A1904ED4  F8DF 42C8		ldr r4, [pc, #+712] ; 0x10FBF
A1904ED8  F044 0401		orr r4, r4, #1
A1904EDC  47A0     		blx r4
A1904EDE  4607     		mov r7, r0
A1904EE0  F8DD 0000		ldr r0, [sp]
A1904EE4  B002     		add sp, sp, #8
A1904EE6  B082     		sub sp, sp, #8
A1904EE8  F8CD 1000		str r1, [sp]
A1904EEC  4639     		mov r1, r7
A1904EEE  F8DF 42B8		ldr r4, [pc, #+696] ; 0x1100F
A1904EF2  F044 0401		orr r4, r4, #1
A1904EF6  47A0     		blx r4
A1904EF8  F8DD 1000		ldr r1, [sp]
A1904EFC  B002     		add sp, sp, #8

#35			DIV		100	{LNXT:5|6|-1}
(*) REAL
A1904EFE  2764     		mov r7, #100 ; 100
A1904F00  B082     		sub sp, sp, #8
A1904F02  F8CD 0000		str r0, [sp]
A1904F06  4638     		mov r0, r7
A1904F08  F8DF 4290		ldr r4, [pc, #+656] ; 0x10FAF
A1904F0C  F044 0401		orr r4, r4, #1
A1904F10  47A0     		blx r4
A1904F12  4607     		mov r7, r0
A1904F14  F8DD 0000		ldr r0, [sp]
A1904F18  B002     		add sp, sp, #8
A1904F1A  B082     		sub sp, sp, #8
A1904F1C  F8CD 1000		str r1, [sp]
A1904F20  4639     		mov r1, r7
A1904F22  F8DF 4288		ldr r4, [pc, #+648] ; 0x1101F
A1904F26  F044 0401		orr r4, r4, #1
A1904F2A  47A0     		blx r4
A1904F2C  F8DD 1000		ldr r1, [sp]
A1904F30  B002     		add sp, sp, #8

#36			to_int	{LNXT:5|6|-1}
(*) REAL
A1904F32  F8DF 4270		ldr r4, [pc, #+624] ; 0x10FDF
A1904F36  F044 0401		orr r4, r4, #1
A1904F3A  47A0     		blx r4

#37			ST		Tank4_lvl	{LNXT:5|6|-1}
(*) INT
A1904F3C  F8DF 71FC		ldr r7, [pc, #+508] ; 0xA0003F1C
A1904F40  8038     		strh r0, [r7]

#38		
#39			(* Tank5_lvl := to_int(to_real(i_abc_Tank5_lvl + iCfgPidvisRez5) * i_Area_Tank5/100); *)
#40			LD		i_abc_Tank5_lvl	{LNXT:6|7|-1}
(*) UNDEF
A1904F42  F8DF 7238		ldr r7, [pc, #+568] ; 0xA1A0002C
A1904F46  F9B7 0000		ldrsh r0, [r7]

#41			ADD		iCfgPidvisRez5	{LNXT:6|7|-1}
(*) INT
A1904F4A  F8DF 7234		ldr r7, [pc, #+564] ; 0xA1A0002E
A1904F4E  F9B7 7000		ldrsh r7, [r7]
A1904F52  19C0     		add r0, r0, r7

#42			to_real	{LNXT:6|7|-1}
(*) INT
A1904F54  F8DF 4248		ldr r4, [pc, #+584] ; 0x10FBF
A1904F58  F044 0401		orr r4, r4, #1
A1904F5C  47A0     		blx r4

#43			MUL		i_Area_Tank5	{LNXT:6|7|-1}
(*) REAL
A1904F5E  F8DF 7224		ldr r7, [pc, #+548] ; 0xA1A00030
A1904F62  F9B7 7000		ldrsh r7, [r7]
A1904F66  B082     		sub sp, sp, #8
A1904F68  F8CD 0000		str r0, [sp]
A1904F6C  4638     		mov r0, r7
A1904F6E  F8DF 4230		ldr r4, [pc, #+560] ; 0x10FBF
A1904F72  F044 0401		orr r4, r4, #1
A1904F76  47A0     		blx r4
A1904F78  4607     		mov r7, r0
A1904F7A  F8DD 0000		ldr r0, [sp]
A1904F7E  B002     		add sp, sp, #8
A1904F80  B082     		sub sp, sp, #8
A1904F82  F8CD 1000		str r1, [sp]
A1904F86  4639     		mov r1, r7
A1904F88  F8DF 421C		ldr r4, [pc, #+540] ; 0x1100F
A1904F8C  F044 0401		orr r4, r4, #1
A1904F90  47A0     		blx r4
A1904F92  F8DD 1000		ldr r1, [sp]
A1904F96  B002     		add sp, sp, #8

#44			DIV		100	{LNXT:6|7|-1}
(*) REAL
A1904F98  2764     		mov r7, #100 ; 100
A1904F9A  B082     		sub sp, sp, #8
A1904F9C  F8CD 0000		str r0, [sp]
A1904FA0  4638     		mov r0, r7
A1904FA2  F8DF 41F8		ldr r4, [pc, #+504] ; 0x10FAF
A1904FA6  F044 0401		orr r4, r4, #1
A1904FAA  47A0     		blx r4
A1904FAC  4607     		mov r7, r0
A1904FAE  F8DD 0000		ldr r0, [sp]
A1904FB2  B002     		add sp, sp, #8
A1904FB4  B082     		sub sp, sp, #8
A1904FB6  F8CD 1000		str r1, [sp]
A1904FBA  4639     		mov r1, r7
A1904FBC  F8DF 41EC		ldr r4, [pc, #+492] ; 0x1101F
A1904FC0  F044 0401		orr r4, r4, #1
A1904FC4  47A0     		blx r4
A1904FC6  F8DD 1000		ldr r1, [sp]
A1904FCA  B002     		add sp, sp, #8

#45			to_int	{LNXT:6|7|-1}
(*) REAL
A1904FCC  F8DF 41D4		ldr r4, [pc, #+468] ; 0x10FDF
A1904FD0  F044 0401		orr r4, r4, #1
A1904FD4  47A0     		blx r4

#46			ST		Tank5_lvl	{LNXT:6|7|-1}
(*) INT
A1904FD6  F8DF 7168		ldr r7, [pc, #+360] ; 0xA0003F1E
A1904FDA  8038     		strh r0, [r7]

#47		
#48			(* Tank6_lvl := to_int(to_real(i_abc_Tank6_lvl + iCfgPidvisRez6) * i_Area_Tank6/100); *)
#49			LD		i_abc_Tank6_lvl	{LNXT:7|9|-1}
(*) UNDEF
A1904FDC  F8DF 71A8		ldr r7, [pc, #+424] ; 0xA1A00032
A1904FE0  F9B7 0000		ldrsh r0, [r7]

#50			ADD		iCfgPidvisRez6	{LNXT:7|9|-1}
(*) INT
A1904FE4  F8DF 71A4		ldr r7, [pc, #+420] ; 0xA1A00034
A1904FE8  F9B7 7000		ldrsh r7, [r7]
A1904FEC  19C0     		add r0, r0, r7

#51			to_real	{LNXT:7|9|-1}
(*) INT
A1904FEE  F8DF 41B0		ldr r4, [pc, #+432] ; 0x10FBF
A1904FF2  F044 0401		orr r4, r4, #1
A1904FF6  47A0     		blx r4

#52			MUL		i_Area_Tank6	{LNXT:7|9|-1}
(*) REAL
A1904FF8  F8DF 7194		ldr r7, [pc, #+404] ; 0xA1A00036
A1904FFC  F9B7 7000		ldrsh r7, [r7]
A1905000  B082     		sub sp, sp, #8
A1905002  F8CD 0000		str r0, [sp]
A1905006  4638     		mov r0, r7
A1905008  F8DF 4194		ldr r4, [pc, #+404] ; 0x10FBF
A190500C  F044 0401		orr r4, r4, #1
A1905010  47A0     		blx r4
A1905012  4607     		mov r7, r0
A1905014  F8DD 0000		ldr r0, [sp]
A1905018  B002     		add sp, sp, #8
A190501A  B082     		sub sp, sp, #8
A190501C  F8CD 1000		str r1, [sp]
A1905020  4639     		mov r1, r7
A1905022  F8DF 4184		ldr r4, [pc, #+388] ; 0x1100F
A1905026  F044 0401		orr r4, r4, #1
A190502A  47A0     		blx r4
A190502C  F8DD 1000		ldr r1, [sp]
A1905030  B002     		add sp, sp, #8

#53			DIV		100	{LNXT:7|9|-1}
(*) REAL
A1905032  2764     		mov r7, #100 ; 100
A1905034  B082     		sub sp, sp, #8
A1905036  F8CD 0000		str r0, [sp]
A190503A  4638     		mov r0, r7
A190503C  F8DF 415C		ldr r4, [pc, #+348] ; 0x10FAF
A1905040  F044 0401		orr r4, r4, #1
A1905044  47A0     		blx r4
A1905046  4607     		mov r7, r0
A1905048  F8DD 0000		ldr r0, [sp]
A190504C  B002     		add sp, sp, #8
A190504E  B082     		sub sp, sp, #8
A1905050  F8CD 1000		str r1, [sp]
A1905054  4639     		mov r1, r7
A1905056  F8DF 4154		ldr r4, [pc, #+340] ; 0x1101F
A190505A  F044 0401		orr r4, r4, #1
A190505E  47A0     		blx r4
A1905060  F8DD 1000		ldr r1, [sp]
A1905064  B002     		add sp, sp, #8

#54			to_int	{LNXT:7|9|-1}
(*) REAL
A1905066  F8DF 413C		ldr r4, [pc, #+316] ; 0x10FDF
A190506A  F044 0401		orr r4, r4, #1
A190506E  47A0     		blx r4

#55			ST		Tank6_lvl	{LNXT:7|9|-1}
(*) INT
A1905070  F8DF 70D0		ldr r7, [pc, #+208] ; 0xA0003F20
A1905074  8038     		strh r0, [r7]

#56		
#57			(* Out_Flow1 := to_int(to_real(i_abc_Flow1) * 0.15); *)
#58			LDP0		i_abc_Flow1	{LNXT:9|10|-1}
(-) INT
#59			to_real	{LNXT:9|10|-1}
(*) INT
A1905076  F8DF 711C		ldr r7, [pc, #+284] ; 0xA1A00038
A190507A  F9B7 0000		ldrsh r0, [r7]
A190507E  F8DF 4120		ldr r4, [pc, #+288] ; 0x10FBF
A1905082  F044 0401		orr r4, r4, #1
A1905086  47A0     		blx r4

#60			MUL		0.15	{LNXT:9|10|-1}
(*) REAL
A1905088  F8DF 70BC		ldr r7, [pc, #+188] ; 0xA1904A40
A190508C  683F     		ldr r7, [r7]
A190508E  B082     		sub sp, sp, #8
A1905090  F8CD 1000		str r1, [sp]
A1905094  4639     		mov r1, r7
A1905096  F8DF 4110		ldr r4, [pc, #+272] ; 0x1100F
A190509A  F044 0401		orr r4, r4, #1
A190509E  47A0     		blx r4
A19050A0  F8DD 1000		ldr r1, [sp]
A19050A4  B002     		add sp, sp, #8

#61			to_int	{LNXT:9|10|-1}
(*) REAL
A19050A6  F8DF 40FC		ldr r4, [pc, #+252] ; 0x10FDF
A19050AA  F044 0401		orr r4, r4, #1
A19050AE  47A0     		blx r4

#62			ST		Out_Flow1	{LNXT:9|10|-1}
(*) INT
A19050B0  F8DF 7074		ldr r7, [pc, #+116] ; 0xA0003EFE
A19050B4  8038     		strh r0, [r7]

#63		
#64			(* Out_Flow2 := to_int(to_real(i_abc_Flow2) * 0.15); *)
#65			LDP0		i_abc_Flow2	{LNXT:10|12|-1}
(-) INT
#66			to_real	{LNXT:10|12|-1}
(*) INT
A19050B6  F8DF 70E0		ldr r7, [pc, #+224] ; 0xA1A0003A
A19050BA  F9B7 0000		ldrsh r0, [r7]
A19050BE  F8DF 40E0		ldr r4, [pc, #+224] ; 0x10FBF
A19050C2  F044 0401		orr r4, r4, #1
A19050C6  47A0     		blx r4

#67			MUL		0.15	{LNXT:10|12|-1}
(*) REAL
A19050C8  F8DF 707C		ldr r7, [pc, #+124] ; 0xA1904A40
A19050CC  683F     		ldr r7, [r7]
A19050CE  B082     		sub sp, sp, #8
A19050D0  F8CD 1000		str r1, [sp]
A19050D4  4639     		mov r1, r7
A19050D6  F8DF 40D0		ldr r4, [pc, #+208] ; 0x1100F
A19050DA  F044 0401		orr r4, r4, #1
A19050DE  47A0     		blx r4
A19050E0  F8DD 1000		ldr r1, [sp]
A19050E4  B002     		add sp, sp, #8

#68			to_int	{LNXT:10|12|-1}
(*) REAL
A19050E6  F8DF 40BC		ldr r4, [pc, #+188] ; 0x10FDF
A19050EA  F044 0401		orr r4, r4, #1
A19050EE  47A0     		blx r4

#69			ST		Out_Flow2	{LNXT:10|12|-1}
(*) INT
A19050F0  F8DF 7038		ldr r7, [pc, #+56] ; 0xA0003F00
A19050F4  8038     		strh r0, [r7]

#70		
#71			(* Pressure_out1_cool := to_int(to_real(Pressure_out1-200))*2; *)
#72			LD		Pressure_out1	{LNXT:12|2|-1}
(*) UNDEF
A19050F6  F8DF 7038		ldr r7, [pc, #+56] ; 0xA0003F06
A19050FA  F9B7 0000		ldrsh r0, [r7]

#73			SUB		200	{LNXT:12|2|-1}
(-) INT
A19050FE  38C8     		sub r0, r0, #200

#74			to_real	{LNXT:12|2|-1}
(*) INT
A1905100  F8DF 409C		ldr r4, [pc, #+156] ; 0x10FBF
A1905104  F044 0401		orr r4, r4, #1
A1905108  47A0     		blx r4

#75			to_int	{LNXT:12|2|-1}
(*) REAL
A190510A  F8DF 4098		ldr r4, [pc, #+152] ; 0x10FDF
A190510E  F044 0401		orr r4, r4, #1
A1905112  47A0     		blx r4

#76			MUL		2	{LNXT:12|2|-1}
(*) INT
A1905114  2702     		mov r7, #2 ; 2
A1905116  4378     		mul r0, r0, r7

#77			ST		Pressure_out1_cool	{LNXT:12|2|-1}
(*) INT
A1905118  F8DF 7018		ldr r7, [pc, #+24] ; 0xA0003F12
A190511C  8038     		strh r0, [r7]

A190511E  E047     		b #142

A1905120  FFFFFFFF		; 0xA0003EF8
A1905124  FFFFFFFF		; 0xA0003EFA
A1905128  FFFFFFFF		; 0xA0003EFE
A190512C  FFFFFFFF		; 0xA0003F00
A1905130  FFFFFFFF		; 0xA0003F06
A1905134  FFFFFFFF		; 0xA0003F12
A1905138  FFFFFFFF		; 0xA0003F1A
A190513C  FFFFFFFF		; 0xA0003F1C
A1905140  FFFFFFFF		; 0xA0003F1E
A1905144  FFFFFFFF		; 0xA0003F20
A1905148  A1904A40		; 0xA1904A40
A190514C  A1A00014		; 0xA1A00014
A1905150  A1A00016		; 0xA1A00016
A1905154  A1A00018		; 0xA1A00018
A1905158  A1A0001A		; 0xA1A0001A
A190515C  A1A0001C		; 0xA1A0001C
A1905160  A1A0001E		; 0xA1A0001E
A1905164  A1A00020		; 0xA1A00020
A1905168  A1A00022		; 0xA1A00022
A190516C  A1A00024		; 0xA1A00024
A1905170  A1A00026		; 0xA1A00026
A1905174  A1A00028		; 0xA1A00028
A1905178  A1A0002A		; 0xA1A0002A
A190517C  A1A0002C		; 0xA1A0002C
A1905180  A1A0002E		; 0xA1A0002E
A1905184  A1A00030		; 0xA1A00030
A1905188  A1A00032		; 0xA1A00032
A190518C  A1A00034		; 0xA1A00034
A1905190  A1A00036		; 0xA1A00036
A1905194  A1A00038		; 0xA1A00038
A1905198  A1A0003A		; 0xA1A0003A
A190519C  FFFFFFFF		; 0x00010FAF
A19051A0  FFFFFFFF		; 0x00010FBF
A19051A4  FFFFFFFF		; 0x00010FDF
A19051A8  FFFFFFFF		; 0x0001100F
A19051AC  FFFFFFFF		; 0x0001101F

END_PROGRAM
**************************************************
	List program: Auto_sv
**************************************************

PROGRAM Auto_sv

        VAR
level : INT;
level_temp : INT;
Ton_lvl : TON;
Ton_lvl2 : TON;
Ton_lvl3 : TON;
Ton_lvl4 : TON;
Ton_lvl_temp : TON;
Ton_Lvl_stan : BOOL;
Time_System : DINT;
	END_VAR

END_PROGRAM

#0		{SRC:Auto_sv}
#1		(*$WAITSWITCH$*)
#2		
#3			(* level:=Tank1_lvl + Tank2_lvl+Tank3_lvl+Tank4_lvl+Tank5_lvl+Tank6_lvl; *)
#4			LD		Tank1_lvl	{LNXT:1|1|-1}
(*) UNDEF
A19051B0  F8DF 7040		ldr r7, [pc, #+64] ; 0xA0003EF8
A19051B4  F9B7 0000		ldrsh r0, [r7]

#5			ADD		Tank2_lvl	{LNXT:1|1|-1}
(*) INT
A19051B8  F8DF 703C		ldr r7, [pc, #+60] ; 0xA0003EFA
A19051BC  F9B7 7000		ldrsh r7, [r7]
A19051C0  19C0     		add r0, r0, r7

#6			ADD		Tank3_lvl	{LNXT:1|1|-1}
(*) INT
A19051C2  F8DF 7038		ldr r7, [pc, #+56] ; 0xA0003F1A
A19051C6  F9B7 7000		ldrsh r7, [r7]
A19051CA  19C0     		add r0, r0, r7

#7			ADD		Tank4_lvl	{LNXT:1|1|-1}
(*) INT
A19051CC  F8DF 7030		ldr r7, [pc, #+48] ; 0xA0003F1C
A19051D0  F9B7 7000		ldrsh r7, [r7]
A19051D4  19C0     		add r0, r0, r7

#8			ADD		Tank5_lvl	{LNXT:1|1|-1}
(*) INT
A19051D6  F8DF 702C		ldr r7, [pc, #+44] ; 0xA0003F1E
A19051DA  F9B7 7000		ldrsh r7, [r7]
A19051DE  19C0     		add r0, r0, r7

#9			ADD		Tank6_lvl	{LNXT:1|1|-1}
(*) INT
A19051E0  F8DF 7024		ldr r7, [pc, #+36] ; 0xA0003F20
A19051E4  F9B7 7000		ldrsh r7, [r7]
A19051E8  19C0     		add r0, r0, r7

#10			ST		level	{LNXT:1|1|-1}
(*) INT
A19051EA  F8DF 7020		ldr r7, [pc, #+32] ; 0xA1A0000C
A19051EE  8038     		strh r0, [r7]

A19051F0  E00E     		b #28

A19051F4  FFFFFFFF		; 0xA0003EF8
A19051F8  FFFFFFFF		; 0xA0003EFA
A19051FC  FFFFFFFF		; 0xA0003F1A
A1905200  FFFFFFFF		; 0xA0003F1C
A1905204  FFFFFFFF		; 0xA0003F1E
A1905208  FFFFFFFF		; 0xA0003F20
A190520C  A1A0000C		; 0xA1A0000C

END_PROGRAM
**************************************************
	List program: pr_Alarms
**************************************************

PROGRAM pr_Alarms

END_PROGRAM

#0		{SRC:pr_Alarms}
#1		(*$WAITSWITCH$*)
#2		
#3			(* Alarms_Tank.0  := i_tank1_min; *)
#4			MOVE		i_tank1_min,Alarms_Tank.0	{LNXT:1|2|-1}
(*) UDINT
A1905210  F8DF 7294		ldr r7, [pc, #+660] ; 0xA1A0000E
A1905214  7838     		ldrb r0, [r7]
A1905216  F8DF 7288		ldr r7, [pc, #+648] ; 0xA0003F02
A190521A  F8B7 8000		ldrh r8, [r7]
A190521E  F360 0800		bfi r8, r0, #0, #1
A1905222  F8A7 8000		strh r8, [r7]

#5		
#6			(* Alarms_Tank.1  := i_tank1_max; *)
#7			MOVE		i_tank1_max,Alarms_Tank.1	{LNXT:2|3|-1}
(*) BOOL
A1905226  F8DF 7288		ldr r7, [pc, #+648] ; 0xA1A0003C
A190522A  7838     		ldrb r0, [r7]
A190522C  F8DF 7270		ldr r7, [pc, #+624] ; 0xA0003F02
A1905230  F8B7 8000		ldrh r8, [r7]
A1905234  F360 0841		bfi r8, r0, #1, #1
A1905238  F8A7 8000		strh r8, [r7]

#8		
#9			(* Alarms_Tank.2  := i_tank2_min; *)
#10			MOVE		i_tank2_min,Alarms_Tank.2	{LNXT:3|4|-1}
(*) BOOL
A190523C  F8DF 7274		ldr r7, [pc, #+628] ; 0xA1A0003D
A1905240  7838     		ldrb r0, [r7]
A1905242  F8DF 725C		ldr r7, [pc, #+604] ; 0xA0003F02
A1905246  F8B7 8000		ldrh r8, [r7]
A190524A  F360 0882		bfi r8, r0, #2, #1
A190524E  F8A7 8000		strh r8, [r7]

#11		
#12			(* Alarms_Tank.3  := i_tank2_max; *)
#13			MOVE		i_tank2_max,Alarms_Tank.3	{LNXT:4|5|-1}
(*) BOOL
A1905252  F8DF 7264		ldr r7, [pc, #+612] ; 0xA1A0003E
A1905256  7838     		ldrb r0, [r7]
A1905258  F8DF 7244		ldr r7, [pc, #+580] ; 0xA0003F02
A190525C  F8B7 8000		ldrh r8, [r7]
A1905260  F360 08C3		bfi r8, r0, #3, #1
A1905264  F8A7 8000		strh r8, [r7]

#14		
#15			(* Alarms_Tank.4  := i_tank3_min; *)
#16			MOVE		i_tank3_min,Alarms_Tank.4	{LNXT:5|6|-1}
(*) BOOL
A1905268  F8DF 7250		ldr r7, [pc, #+592] ; 0xA1A0003F
A190526C  7838     		ldrb r0, [r7]
A190526E  F8DF 7230		ldr r7, [pc, #+560] ; 0xA0003F02
A1905272  F8B7 8000		ldrh r8, [r7]
A1905276  F360 1804		bfi r8, r0, #4, #1
A190527A  F8A7 8000		strh r8, [r7]

#17		
#18			(* Alarms_Tank.5  := i_tank3_max; *)
#19			MOVE		i_tank3_max,Alarms_Tank.5	{LNXT:6|7|-1}
(*) BOOL
A190527E  F8DF 7240		ldr r7, [pc, #+576] ; 0xA1A00040
A1905282  7838     		ldrb r0, [r7]
A1905284  F8DF 7218		ldr r7, [pc, #+536] ; 0xA0003F02
A1905288  F8B7 8000		ldrh r8, [r7]
A190528C  F360 1845		bfi r8, r0, #5, #1
A1905290  F8A7 8000		strh r8, [r7]

#20		
#21			(* Alarms_Tank.6  := i_tank4_min; *)
#22			MOVE		i_tank4_min,Alarms_Tank.6	{LNXT:7|8|-1}
(*) BOOL
A1905294  F8DF 722C		ldr r7, [pc, #+556] ; 0xA1A00041
A1905298  7838     		ldrb r0, [r7]
A190529A  F8DF 7204		ldr r7, [pc, #+516] ; 0xA0003F02
A190529E  F8B7 8000		ldrh r8, [r7]
A19052A2  F360 1886		bfi r8, r0, #6, #1
A19052A6  F8A7 8000		strh r8, [r7]

#23		
#24			(* Alarms_Tank.7  := i_tank4_max; *)
#25			MOVE		i_tank4_max,Alarms_Tank.7	{LNXT:8|9|-1}
(*) BOOL
A19052AA  F8DF 721C		ldr r7, [pc, #+540] ; 0xA1A00042
A19052AE  7838     		ldrb r0, [r7]
A19052B0  F8DF 71EC		ldr r7, [pc, #+492] ; 0xA0003F02
A19052B4  F8B7 8000		ldrh r8, [r7]
A19052B8  F360 18C7		bfi r8, r0, #7, #1
A19052BC  F8A7 8000		strh r8, [r7]

#26		
#27			(* Alarms_Tank.8  := i_tank5_min; *)
#28			MOVE		i_tank5_min,Alarms_Tank.8	{LNXT:9|10|-1}
(*) BOOL
A19052C0  F8DF 7210		ldr r7, [pc, #+528] ; 0x10000CEF
A19052C4  7838     		ldrb r0, [r7]
A19052C6  F8DF 71D8		ldr r7, [pc, #+472] ; 0xA0003F02
A19052CA  F8B7 8000		ldrh r8, [r7]
A19052CE  F360 2808		bfi r8, r0, #8, #1
A19052D2  F8A7 8000		strh r8, [r7]

#29		
#30			(* Alarms_Tank.9  := i_tank5_max; *)
#31			MOVE		i_tank5_max,Alarms_Tank.9	{LNXT:10|11|-1}
(*) BOOL
A19052D6  F8DF 7200		ldr r7, [pc, #+512] ; 0x10000CF0
A19052DA  7838     		ldrb r0, [r7]
A19052DC  F8DF 71C0		ldr r7, [pc, #+448] ; 0xA0003F02
A19052E0  F8B7 8000		ldrh r8, [r7]
A19052E4  F360 2849		bfi r8, r0, #9, #1
A19052E8  F8A7 8000		strh r8, [r7]

#32		
#33			(* Alarms_Tank.10 := i_tank6_min; *)
#34			MOVE		i_tank6_min,Alarms_Tank.10	{LNXT:11|12|-1}
(*) BOOL
A19052EC  F8DF 71EC		ldr r7, [pc, #+492] ; 0x10000CF1
A19052F0  7838     		ldrb r0, [r7]
A19052F2  F8DF 71AC		ldr r7, [pc, #+428] ; 0xA0003F02
A19052F6  F8B7 8000		ldrh r8, [r7]
A19052FA  F360 288A		bfi r8, r0, #10, #1
A19052FE  F8A7 8000		strh r8, [r7]

#35		
#36			(* Alarms_Tank.11 := i_tank6_max; *)
#37			MOVE		i_tank6_max,Alarms_Tank.11	{LNXT:12|15|-1}
(*) BOOL
A1905302  F8DF 71DC		ldr r7, [pc, #+476] ; 0x10000CF2
A1905306  7838     		ldrb r0, [r7]
A1905308  F8DF 7194		ldr r7, [pc, #+404] ; 0xA0003F02
A190530C  F8B7 8000		ldrh r8, [r7]
A1905310  F360 28CB		bfi r8, r0, #11, #1
A1905314  F8A7 8000		strh r8, [r7]

#38		
#39			(* Alarms_Filtr.0  := i_filtr1; *)
#40			MOVE		i_filtr1,Alarms_Filtr.0	{LNXT:15|16|-1}
(*) BOOL
A1905318  F8DF 71C8		ldr r7, [pc, #+456] ; 0x10000CF3
A190531C  7838     		ldrb r0, [r7]
A190531E  F8DF 7184		ldr r7, [pc, #+388] ; 0xA0003F22
A1905322  F8B7 8000		ldrh r8, [r7]
A1905326  F360 0800		bfi r8, r0, #0, #1
A190532A  F8A7 8000		strh r8, [r7]

#41		
#42			(* Alarms_Filtr.1  := i_filtr2; *)
#43			MOVE		i_filtr2,Alarms_Filtr.1	{LNXT:16|17|-1}
(*) BOOL
A190532E  F8DF 71B8		ldr r7, [pc, #+440] ; 0x10000CF4
A1905332  7838     		ldrb r0, [r7]
A1905334  F8DF 716C		ldr r7, [pc, #+364] ; 0xA0003F22
A1905338  F8B7 8000		ldrh r8, [r7]
A190533C  F360 0841		bfi r8, r0, #1, #1
A1905340  F8A7 8000		strh r8, [r7]

#44		
#45			(* Alarms_Filtr.2  := i_filtr3; *)
#46			MOVE		i_filtr3,Alarms_Filtr.2	{LNXT:17|18|-1}
(*) BOOL
A1905344  F8DF 71A4		ldr r7, [pc, #+420] ; 0x10000CF5
A1905348  7838     		ldrb r0, [r7]
A190534A  F8DF 7158		ldr r7, [pc, #+344] ; 0xA0003F22
A190534E  F8B7 8000		ldrh r8, [r7]
A1905352  F360 0882		bfi r8, r0, #2, #1
A1905356  F8A7 8000		strh r8, [r7]

#47		
#48			(* Alarms_Filtr.3  := i_filtr4; *)
#49			MOVE		i_filtr4,Alarms_Filtr.3	{LNXT:18|19|-1}
(*) BOOL
A190535A  F8DF 7194		ldr r7, [pc, #+404] ; 0x10000CF6
A190535E  7838     		ldrb r0, [r7]
A1905360  F8DF 7140		ldr r7, [pc, #+320] ; 0xA0003F22
A1905364  F8B7 8000		ldrh r8, [r7]
A1905368  F360 08C3		bfi r8, r0, #3, #1
A190536C  F8A7 8000		strh r8, [r7]

#50		
#51			(* Alarms_Filtr.4  := i_filtr5; *)
#52			MOVE		i_filtr5,Alarms_Filtr.4	{LNXT:19|20|-1}
(*) BOOL
A1905370  F8DF 7180		ldr r7, [pc, #+384] ; 0x10000CF7
A1905374  7838     		ldrb r0, [r7]
A1905376  F8DF 712C		ldr r7, [pc, #+300] ; 0xA0003F22
A190537A  F8B7 8000		ldrh r8, [r7]
A190537E  F360 1804		bfi r8, r0, #4, #1
A1905382  F8A7 8000		strh r8, [r7]

#53		
#54			(* Alarms_Filtr.5  := i_filtr6; *)
#55			MOVE		i_filtr6,Alarms_Filtr.5	{LNXT:20|21|-1}
(*) BOOL
A1905386  F8DF 7170		ldr r7, [pc, #+368] ; 0x10000CF8
A190538A  7838     		ldrb r0, [r7]
A190538C  F8DF 7114		ldr r7, [pc, #+276] ; 0xA0003F22
A1905390  F8B7 8000		ldrh r8, [r7]
A1905394  F360 1845		bfi r8, r0, #5, #1
A1905398  F8A7 8000		strh r8, [r7]

#56		
#57			(* Alarms_Filtr.6  := i_filtr7; *)
#58			MOVE		i_filtr7,Alarms_Filtr.6	{LNXT:21|22|-1}
(*) BOOL
A190539C  F8DF 715C		ldr r7, [pc, #+348] ; 0x10000CF9
A19053A0  7838     		ldrb r0, [r7]
A19053A2  F8DF 7100		ldr r7, [pc, #+256] ; 0xA0003F22
A19053A6  F8B7 8000		ldrh r8, [r7]
A19053AA  F360 1886		bfi r8, r0, #6, #1
A19053AE  F8A7 8000		strh r8, [r7]

#59		
#60			(* Alarms_Filtr.7  := i_filtr8; *)
#61			MOVE		i_filtr8,Alarms_Filtr.7	{LNXT:22|23|-1}
(*) BOOL
A19053B2  F8DF 714C		ldr r7, [pc, #+332] ; 0x10000CFA
A19053B6  7838     		ldrb r0, [r7]
A19053B8  F8DF 70E8		ldr r7, [pc, #+232] ; 0xA0003F22
A19053BC  F8B7 8000		ldrh r8, [r7]
A19053C0  F360 18C7		bfi r8, r0, #7, #1
A19053C4  F8A7 8000		strh r8, [r7]

#62		
#63			(* Alarms_Filtr.8  := i_filtr9; *)
#64			MOVE		i_filtr9,Alarms_Filtr.8	{LNXT:23|24|-1}
(*) BOOL
A19053C8  F8DF 7138		ldr r7, [pc, #+312] ; 0x10000CFB
A19053CC  7838     		ldrb r0, [r7]
A19053CE  F8DF 70D4		ldr r7, [pc, #+212] ; 0xA0003F22
A19053D2  F8B7 8000		ldrh r8, [r7]
A19053D6  F360 2808		bfi r8, r0, #8, #1
A19053DA  F8A7 8000		strh r8, [r7]

#65		
#66			(* Alarms_Filtr.9 := i_filtr10; *)
#67			MOVE		i_filtr10,Alarms_Filtr.9	{LNXT:24|25|-1}
(*) BOOL
A19053DE  F8DF 7128		ldr r7, [pc, #+296] ; 0x10000CFC
A19053E2  7838     		ldrb r0, [r7]
A19053E4  F8DF 70BC		ldr r7, [pc, #+188] ; 0xA0003F22
A19053E8  F8B7 8000		ldrh r8, [r7]
A19053EC  F360 2849		bfi r8, r0, #9, #1
A19053F0  F8A7 8000		strh r8, [r7]

#68		
#69			(* Alarms_Filtr.10 := i_filtr11; *)
#70			MOVE		i_filtr11,Alarms_Filtr.10	{LNXT:25|26|-1}
(*) BOOL
A19053F4  F8DF 7114		ldr r7, [pc, #+276] ; 0x10000CFD
A19053F8  7838     		ldrb r0, [r7]
A19053FA  F8DF 70A8		ldr r7, [pc, #+168] ; 0xA0003F22
A19053FE  F8B7 8000		ldrh r8, [r7]
A1905402  F360 288A		bfi r8, r0, #10, #1
A1905406  F8A7 8000		strh r8, [r7]

#71		
#72			(* Alarms_Filtr.11 := i_filtr12; *)
#73			MOVE		i_filtr12,Alarms_Filtr.11	{LNXT:26|27|-1}
(*) BOOL
A190540A  F8DF 7104		ldr r7, [pc, #+260] ; 0x10000CFE
A190540E  7838     		ldrb r0, [r7]
A1905410  F8DF 7090		ldr r7, [pc, #+144] ; 0xA0003F22
A1905414  F8B7 8000		ldrh r8, [r7]
A1905418  F360 28CB		bfi r8, r0, #11, #1
A190541C  F8A7 8000		strh r8, [r7]

#74		
#75			(* Alarms_Filtr.12 :=i_rnpp; *)
#76			MOVE		i_rnpp,Alarms_Filtr.12	{LNXT:27|29|-1}
(*) BOOL
A1905420  F8DF 70AC		ldr r7, [pc, #+172] ; 0x10000CEE
A1905424  7838     		ldrb r0, [r7]
A1905426  F8DF 707C		ldr r7, [pc, #+124] ; 0xA0003F22
A190542A  F8B7 8000		ldrh r8, [r7]
A190542E  F360 380C		bfi r8, r0, #12, #1
A1905432  F8A7 8000		strh r8, [r7]

#77		
#78		
#79			(* IF i_abc_Tank1_lvl <0 or i_abc_Tank1_lvl > 33000 *)
#80			LD		i_abc_Tank1_lvl	{LNXT:29|-1|-1}
(*) UNDEF
A1905436  F8DF 7074		ldr r7, [pc, #+116] ; 0xA1A00014
A190543A  F9B7 0000		ldrsh r0, [r7]

#81			GT		33000	{LNXT:29|-1|-1}
(*) INT
A190543E  F8DF 708C		ldr r7, [pc, #+140] ; 0x80E8
A1905442  463F     		mov r7, r7
A1905444  42B8     		cmp r0, r7
A1905446  BFD8 2000		lemov r0, #0
A190544A  BFC8 2001		gtmov r0, #1

#82			OR(		i_abc_Tank1_lvl	{LNXT:29|-1|-1}
(*) BOOL
A190544E  B082     		sub sp, sp, #8
A1905450  F8CD 0000		str r0, [sp]
A1905454  F8DF 7054		ldr r7, [pc, #+84] ; 0xA1A00014
A1905458  F9B7 0000		ldrsh r0, [r7]

#83			LT		0	{LNXT:29|-1|-1}
(*) INT
A190545C  2800     		cmp r0, #0
A190545E  BFA8 2000		gemov r0, #0
A1905462  BFB8 2001		ltmov r0, #1

#84			)	{LNXT:29|-1|-1}
(*) BOOL
A1905466  4607     		mov r7, r0
A1905468  F8DD 0000		ldr r0, [sp]
A190546C  B002     		add sp, sp, #8
A190546E  4338     		orr r0, r0, r7

#85			JMPCN	$label0	{LNXT:29|30|32}
(-) BOOL
A1905470  2800     		cmp r0, #0
A1905472  D00B     		beq #22 ; 0xA190548C


#86		
#87			(* THEN *)
#88		
#89				(* Alarms_Tank.12 := true; *)
#90				MOVE		true,Alarms_Tank.12	{LNXT:30|1|-1}
(*) BOOL
A1905476  2001     		mov r0, #1 ; 1
A1905478  F8DF 7024		ldr r7, [pc, #+36] ; 0xA0003F02
A190547C  F8B7 8000		ldrh r8, [r7]
A1905480  F360 380C		bfi r8, r0, #12, #1
A1905484  F8A7 8000		strh r8, [r7]

#91				JMP		$label1	{LNXT:29|30|32}
(-) WORD
A1905488  E009     		b #18 ; 0xA190549E


#92		$label0:
#93		
#94			(* ELSE *)
#95		
#96				(* Alarms_Tank.12 := False; *)
#97				MOVE		False,Alarms_Tank.12	{LNXT:32|1|-1}
(*) WORD
A190548C  2000     		mov r0, #0 ; 0
A190548E  F8DF 7010		ldr r7, [pc, #+16] ; 0xA0003F02
A1905492  F8B7 8000		ldrh r8, [r7]
A1905496  F360 380C		bfi r8, r0, #12, #1
A190549A  F8A7 8000		strh r8, [r7]

A190549E  E039     		b #114

A19054A0  FFFFFFFF		; 0xA0003F02
A19054A4  FFFFFFFF		; 0xA0003F22
A19054A8  A1A0000E		; 0xA1A0000E
A19054AC  A1A00014		; 0xA1A00014
A19054B0  A1A0003C		; 0xA1A0003C
A19054B4  A1A0003D		; 0xA1A0003D
A19054B8  A1A0003E		; 0xA1A0003E
A19054BC  A1A0003F		; 0xA1A0003F
A19054C0  A1A00040		; 0xA1A00040
A19054C4  A1A00041		; 0xA1A00041
A19054C8  A1A00042		; 0xA1A00042
A19054CC  000080E8		; 0x000080E8
A19054D0  FFFFFFFF		; 0x10000CEE
A19054D4  FFFFFFFF		; 0x10000CEF
A19054D8  FFFFFFFF		; 0x10000CF0
A19054DC  FFFFFFFF		; 0x10000CF1
A19054E0  FFFFFFFF		; 0x10000CF2
A19054E4  FFFFFFFF		; 0x10000CF3
A19054E8  FFFFFFFF		; 0x10000CF4
A19054EC  FFFFFFFF		; 0x10000CF5
A19054F0  FFFFFFFF		; 0x10000CF6
A19054F4  FFFFFFFF		; 0x10000CF7
A19054F8  FFFFFFFF		; 0x10000CF8
A19054FC  FFFFFFFF		; 0x10000CF9
A1905500  FFFFFFFF		; 0x10000CFA
A1905504  FFFFFFFF		; 0x10000CFB
A1905508  FFFFFFFF		; 0x10000CFC
A190550C  FFFFFFFF		; 0x10000CFD
A1905510  FFFFFFFF		; 0x10000CFE

END_PROGRAM
**************************************************
	List program: pr_auto_ns
**************************************************

PROGRAM pr_auto_ns

        VAR
i_time_hours : INT;
	END_VAR

END_PROGRAM

#0		{SRC:pr_auto_ns}
#1		(*$WAITSWITCH$*)
#2		
#3			(* i_time_hours := sysClock.hours; *)
#4			MOVE		sysClock.hours,i_time_hours	{LNXT:1|3|-1}
(*) UDINT
A1905514  F8DF 7084		ldr r7, [pc, #+132] ; 0x10000474
A1905518  7838     		ldrb r0, [r7]
A190551A  F8DF 7074		ldr r7, [pc, #+116] ; 0xA1A00044
A190551E  8038     		strh r0, [r7]

#5		
#6		
#7			(* IF i_time_hours >= iDay_begin and i_time_hours<=iDay_end *)
#8			LD		i_time_hours	{LNXT:3|-1|-1}
(*) UNDEF
A1905520  F8DF 706C		ldr r7, [pc, #+108] ; 0xA1A00044
A1905524  F9B7 0000		ldrsh r0, [r7]

#9			LE		iDay_end	{LNXT:3|-1|-1}
(*) INT
A1905528  F8DF 7068		ldr r7, [pc, #+104] ; 0xA1A00046
A190552C  F9B7 7000		ldrsh r7, [r7]
A1905530  42B8     		cmp r0, r7
A1905532  BFC8 2000		gtmov r0, #0
A1905536  BFD8 2001		lemov r0, #1

#10			AND(		i_time_hours	{LNXT:3|-1|-1}
(*) BOOL
A190553A  B082     		sub sp, sp, #8
A190553C  F8CD 0000		str r0, [sp]
A1905540  F8DF 704C		ldr r7, [pc, #+76] ; 0xA1A00044
A1905544  F9B7 0000		ldrsh r0, [r7]

#11			GE		iDay_begin	{LNXT:3|-1|-1}
(*) INT
A1905548  F8DF 704C		ldr r7, [pc, #+76] ; 0xA1A00048
A190554C  F9B7 7000		ldrsh r7, [r7]
A1905550  42B8     		cmp r0, r7
A1905552  BFB8 2000		ltmov r0, #0
A1905556  BFA8 2001		gemov r0, #1

#12			)	{LNXT:3|-1|-1}
(*) BOOL
A190555A  4607     		mov r7, r0
A190555C  F8DD 0000		ldr r0, [sp]
A1905560  B002     		add sp, sp, #8
A1905562  4038     		and r0, r0, r7

#13			JMPCN	$label0	{LNXT:3|4|6}
(-) BOOL
A1905564  2800     		cmp r0, #0
A1905566  D006     		beq #12 ; 0xA1905576


#14		
#15			(* THEN *)
#16		
#17				(* b_auto_d_n := TRUE; *)
#18				MOVE		TRUE,b_auto_d_n	{LNXT:4|1|-1}
(*) BOOL
A190556A  2001     		mov r0, #1 ; 1
A190556C  F8DF 701C		ldr r7, [pc, #+28] ; 0xA0003F18
A1905570  8038     		strh r0, [r7]

#19				JMP		$label1	{LNXT:3|4|6}
(-) INT
A1905572  E004     		b #8 ; 0xA190557E


#20		$label0:
#21		
#22			(* ELSE *)
#23		
#24				(* b_auto_d_n := FALSE; *)
#25				MOVE		FALSE,b_auto_d_n	{LNXT:6|1|-1}
(*) INT
A1905576  2000     		mov r0, #0 ; 0
A1905578  F8DF 7010		ldr r7, [pc, #+16] ; 0xA0003F18
A190557C  8038     		strh r0, [r7]

A190557E  E8BD 0FF0		ldmia sp!, { r4, r5, r6, r7, r8, r9, r10, r11 }
A1905582  F8DD E000		ldr lr, [sp]
A1905586  B002     		add sp, sp, #8

A1905588  4770     		bx lr

A190558C  FFFFFFFF		; 0xA0003F18
A1905590  A1A00044		; 0xA1A00044
A1905594  A1A00046		; 0xA1A00046
A1905598  A1A00048		; 0xA1A00048
A190559C  FFFFFFFF		; 0x10000474

END_PROGRAM


**************************************************
	Target variable image generation
**************************************************


*** INPUT:
A19055A0  B082     		sub sp, sp, #8
A19055A2  F8CD E000		str lr, [sp]
A19055A6  E92D 0FF0		stmdb sp!, { r4, r5, r6, r7, r8, r9, r10, r11 }

A19055AA  F8DF 712C		ldr r7, [pc, #+300] ; 0x10000442
A19055AE  8838     		ldrh r0, [r7]
A19055B0  F8DF 70C8		ldr r7, [pc, #+200] ; 0xA1A00014
A19055B4  8038     		strh r0, [r7]

A19055B6  F8DF 7124		ldr r7, [pc, #+292] ; 0x10000444
A19055BA  8838     		ldrh r0, [r7]
A19055BC  F8DF 70C0		ldr r7, [pc, #+192] ; 0xA1A0001A
A19055C0  8038     		strh r0, [r7]

A19055C2  F8DF 711C		ldr r7, [pc, #+284] ; 0x10000446
A19055C6  8838     		ldrh r0, [r7]
A19055C8  F8DF 70B8		ldr r7, [pc, #+184] ; 0xA1A00020
A19055CC  8038     		strh r0, [r7]

A19055CE  F8DF 7114		ldr r7, [pc, #+276] ; 0x10000448
A19055D2  8838     		ldrh r0, [r7]
A19055D4  F8DF 70B0		ldr r7, [pc, #+176] ; 0xA1A00026
A19055D8  8038     		strh r0, [r7]

A19055DA  F8DF 710C		ldr r7, [pc, #+268] ; 0x1000044A
A19055DE  8838     		ldrh r0, [r7]
A19055E0  F8DF 70A8		ldr r7, [pc, #+168] ; 0xA1A0002C
A19055E4  8038     		strh r0, [r7]

A19055E6  F8DF 7104		ldr r7, [pc, #+260] ; 0x1000044C
A19055EA  8838     		ldrh r0, [r7]
A19055EC  F8DF 70A0		ldr r7, [pc, #+160] ; 0xA1A00032
A19055F0  8038     		strh r0, [r7]

A19055F2  F8DF 70FC		ldr r7, [pc, #+252] ; 0x1000044E
A19055F6  8838     		ldrh r0, [r7]
A19055F8  F8DF 7098		ldr r7, [pc, #+152] ; 0xA1A00038
A19055FC  8038     		strh r0, [r7]

A19055FE  F8DF 70F4		ldr r7, [pc, #+244] ; 0x10000450
A1905602  8838     		ldrh r0, [r7]
A1905604  F8DF 7090		ldr r7, [pc, #+144] ; 0xA1A0003A
A1905608  8038     		strh r0, [r7]

A190560A  F8DF 70AC		ldr r7, [pc, #+172] ; 0x10000420
A190560E  7838     		ldrb r0, [r7]
A1905610  F8DF 7064		ldr r7, [pc, #+100] ; 0xA1A0000E
A1905614  7038     		strb r0, [r7]

A1905616  F8DF 70A4		ldr r7, [pc, #+164] ; 0x10000421
A190561A  7838     		ldrb r0, [r7]
A190561C  F8DF 707C		ldr r7, [pc, #+124] ; 0xA1A0003C
A1905620  7038     		strb r0, [r7]

A1905622  F8DF 709C		ldr r7, [pc, #+156] ; 0x10000422
A1905626  7838     		ldrb r0, [r7]
A1905628  F8DF 7074		ldr r7, [pc, #+116] ; 0xA1A0003D
A190562C  7038     		strb r0, [r7]

A190562E  F8DF 7094		ldr r7, [pc, #+148] ; 0x10000423
A1905632  7838     		ldrb r0, [r7]
A1905634  F8DF 706C		ldr r7, [pc, #+108] ; 0xA1A0003E
A1905638  7038     		strb r0, [r7]

A190563A  F8DF 708C		ldr r7, [pc, #+140] ; 0x10000424
A190563E  7838     		ldrb r0, [r7]
A1905640  F8DF 7064		ldr r7, [pc, #+100] ; 0xA1A0003F
A1905644  7038     		strb r0, [r7]

A1905646  F8DF 7084		ldr r7, [pc, #+132] ; 0x10000425
A190564A  7838     		ldrb r0, [r7]
A190564C  F8DF 705C		ldr r7, [pc, #+92] ; 0xA1A00040
A1905650  7038     		strb r0, [r7]

A1905652  F8DF 707C		ldr r7, [pc, #+124] ; 0x10000426
A1905656  7838     		ldrb r0, [r7]
A1905658  F8DF 7054		ldr r7, [pc, #+84] ; 0xA1A00041
A190565C  7038     		strb r0, [r7]

A190565E  F8DF 7074		ldr r7, [pc, #+116] ; 0x10000427
A1905662  7838     		ldrb r0, [r7]
A1905664  F8DF 704C		ldr r7, [pc, #+76] ; 0xA1A00042
A1905668  7038     		strb r0, [r7]

A190566A  E8BD 0FF0		ldmia sp!, { r4, r5, r6, r7, r8, r9, r10, r11 }
A190566E  F8DD E000		ldr lr, [sp]
A1905672  B002     		add sp, sp, #8

A1905674  4770     		bx lr

A1905678  A1A0000E		; 0xA1A0000E
A190567C  A1A00014		; 0xA1A00014
A1905680  A1A0001A		; 0xA1A0001A
A1905684  A1A00020		; 0xA1A00020
A1905688  A1A00026		; 0xA1A00026
A190568C  A1A0002C		; 0xA1A0002C
A1905690  A1A00032		; 0xA1A00032
A1905694  A1A00038		; 0xA1A00038
A1905698  A1A0003A		; 0xA1A0003A
A190569C  A1A0003C		; 0xA1A0003C
A19056A0  A1A0003D		; 0xA1A0003D
A19056A4  A1A0003E		; 0xA1A0003E
A19056A8  A1A0003F		; 0xA1A0003F
A19056AC  A1A00040		; 0xA1A00040
A19056B0  A1A00041		; 0xA1A00041
A19056B4  A1A00042		; 0xA1A00042
A19056B8  FFFFFFFF		; 0x10000420
A19056BC  FFFFFFFF		; 0x10000421
A19056C0  FFFFFFFF		; 0x10000422
A19056C4  FFFFFFFF		; 0x10000423
A19056C8  FFFFFFFF		; 0x10000424
A19056CC  FFFFFFFF		; 0x10000425
A19056D0  FFFFFFFF		; 0x10000426
A19056D4  FFFFFFFF		; 0x10000427
A19056D8  FFFFFFFF		; 0x10000442
A19056DC  FFFFFFFF		; 0x10000444
A19056E0  FFFFFFFF		; 0x10000446
A19056E4  FFFFFFFF		; 0x10000448
A19056E8  FFFFFFFF		; 0x1000044A
A19056EC  FFFFFFFF		; 0x1000044C
A19056F0  FFFFFFFF		; 0x1000044E
A19056F4  FFFFFFFF		; 0x10000450


*** OUTPUT:
A19056F8  B082     		sub sp, sp, #8
A19056FA  F8CD E000		str lr, [sp]
A19056FE  E92D 0FF0		stmdb sp!, { r4, r5, r6, r7, r8, r9, r10, r11 }

A1905702  E8BD 0FF0		ldmia sp!, { r4, r5, r6, r7, r8, r9, r10, r11 }
A1905706  F8DD E000		ldr lr, [sp]
A190570A  B002     		add sp, sp, #8

A190570C  4770     		bx lr



**************************************************
	Task Timed init code
**************************************************

A190570E  B082     		sub sp, sp, #8
A1905710  F8CD E000		str lr, [sp]
A1905714  E92D 0FF0		stmdb sp!, { r4, r5, r6, r7, r8, r9, r10, r11 }

A1905718  E8BD 0FF0		ldmia sp!, { r4, r5, r6, r7, r8, r9, r10, r11 }
A190571C  F8DD E000		ldr lr, [sp]
A1905720  B002     		add sp, sp, #8

A1905722  4770     		bx lr



**************************************************
	Global init code
**************************************************

A1905740  B082     		sub sp, sp, #8
A1905742  F8CD E000		str lr, [sp]
A1905746  E92D 0FF0		stmdb sp!, { r4, r5, r6, r7, r8, r9, r10, r11 }

A190574A  E8BD 0FF0		ldmia sp!, { r4, r5, r6, r7, r8, r9, r10, r11 }
A190574E  F8DD E000		ldr lr, [sp]
A1905752  B002     		add sp, sp, #8

A1905754  4770     		bx lr



**************************************************
	Global RETAIN init code
**************************************************

A1905756  B082     		sub sp, sp, #8
A1905758  F8CD E000		str lr, [sp]
A190575C  E92D 0FF0		stmdb sp!, { r4, r5, r6, r7, r8, r9, r10, r11 }

A1905760  E8BD 0FF0		ldmia sp!, { r4, r5, r6, r7, r8, r9, r10, r11 }
A1905764  F8DD E000		ldr lr, [sp]
A1905768  B002     		add sp, sp, #8

A190576A  4770     		bx lr



********************************************
MEMORY MAP
********************************************

Code area type:          		       main code
Start code area:          		00000000A1900000h
End code area:            		00000000A1905CC8h
Code size:                		00005CC8h

Start local data area:    		00000000A1A00000h
End local data area:      		00000000A1A0004Ah
Local data size:          		0000004Ah

Start retentive data area:		0000000000000000h
End retentive data area:  		0000000000000000h
Retentive data size:      		00000000h

Start bit data area:      		0000000000000000h
End bit data area:        		0000000000000000h
Bit data size:            		00000000h



********************************************
CODE ID:                                FEE7B977
DEBUG MEMO ID:                          A190B976
FULL MEMO ID:                           00009027
********************************************
